#
# A fatal error has been detected by the Java Runtime Environment:
#
#  EXCEPTION_ACCESS_VIOLATION (0xc0000005) at pc=0x00000000517ad79e, pid=27296, tid=0x0000000000006e6c
#
# JRE version: Java(TM) SE Runtime Environment (8.0_241-b07) (build 1.8.0_241-b07)
# Java VM: Java HotSpot(TM) 64-Bit Server VM (25.241-b07 mixed mode windows-amd64 compressed oops)
# Problematic frame:
# V  [jvm.dll+0x3fd79e]
#
# Failed to write core dump. Minidumps are not enabled by default on client versions of Windows
#
# If you would like to submit a bug report, please visit:
#   http://bugreport.java.com/bugreport/crash.jsp
#

---------------  T H R E A D  ---------------

Current thread (0x0000000002bf6000):  GCTaskThread [stack: 0x0000000012c00000,0x0000000012d00000] [id=28268]

siginfo: ExceptionCode=0xc0000005, reading address 0x0000000000000030

Registers:
RAX=0x000000003522aa00, RBX=0x0000000000000007, RCX=0x0000000012cff780, RDX=0x00000007fffe3410
RSP=0x0000000012cff6a0, RBP=0x0000000012cff780, RSI=0x0000000000000008, RDI=0x0000000015bc47e0
R8 =0x0000000000000000, R9 =0x000000003522aa41, R10=0x0000000000000004, R11=0x0000000012cff710
R12=0x0000000012cff760, R13=0x0000000000000013, R14=0x0000000000000000, R15=0x0000000002bf6910
RIP=0x00000000517ad79e, EFLAGS=0x0000000000010202

Top of Stack: (sp=0x0000000012cff6a0)
0x0000000012cff6a0:   00000000f406f010 00000000514bd2d2
0x0000000012cff6b0:   000024b1000014da 000024b2000014da
0x0000000012cff6c0:   0000006d00000026 00001bb800002383
0x0000000012cff6d0:   0000000000000000 00001bb800002384
0x0000000012cff6e0:   00001bb800002385 000000005162f1ef
0x0000000012cff6f0:   00000000e40a3620 00001bb800002384
0x0000000012cff700:   0000000002bf6910 0000000002bf6900
0x0000000012cff710:   0000000002bf6900 0000000002bed150
0x0000000012cff720:   0000000051a10bb8 0000000000000008
0x0000000012cff730:   000000001789c330 00000000517adb08
0x0000000012cff740:   0000000002ccd320 0000000002ccd320
0x0000000012cff750:   0000000000000000 0000000051a10bb8
0x0000000012cff760:   00000000f4010000 0000000000017a00
0x0000000012cff770:   000000001789c330 00000000517ab09e
0x0000000012cff780:   000000003522aa41 0000000002bf6000
0x0000000012cff790:   0000000000000000 00000000e409daf8 

Instructions: (pc=0x00000000517ad79e)
0x00000000517ad77e:   81 e1 ff 1f 00 00 81 f9 ff 1f 00 00 41 0f 44 ce
0x00000000517ad78e:   85 c9 75 04 32 c0 eb 7b 8b 54 24 30 48 c1 e2 04
0x00000000517ad79e:   49 03 50 30 4c 89 a4 24 a0 00 00 00 48 8b 0a 48
0x00000000517ad7ae:   8b 84 24 a0 00 00 00 48 89 08 48 8b 84 24 a0 00 


Register to memory mapping:

RAX=0x000000003522aa00 is an unknown value
RBX=0x0000000000000007 is an unknown value
RCX=0x0000000012cff780 is an unknown value
RDX=0x00000007fffe3410 is an unknown value
RSP=0x0000000012cff6a0 is an unknown value
RBP=0x0000000012cff780 is an unknown value
RSI=0x0000000000000008 is an unknown value
RDI=0x0000000015bc47e0 is an unknown value
R8 =0x0000000000000000 is an unknown value
R9 =0x000000003522aa41 is an unknown value
R10=0x0000000000000004 is an unknown value
R11=0x0000000012cff710 is an unknown value
R12=0x0000000012cff760 is an unknown value
R13=0x0000000000000013 is an unknown value
R14=0x0000000000000000 is an unknown value
R15=0x0000000002bf6910 is an unknown value


Stack: [0x0000000012c00000,0x0000000012d00000],  sp=0x0000000012cff6a0,  free space=1021k
Native frames: (J=compiled Java code, j=interpreted, Vv=VM code, C=native code)
V  [jvm.dll+0x3fd79e]
V  [jvm.dll+0x3fdb08]
V  [jvm.dll+0x3fb09e]
V  [jvm.dll+0x29fd2a]
C  [msvcr100.dll+0x21d9f]
C  [msvcr100.dll+0x21e3b]
C  [KERNEL32.DLL+0x17bd4]
C  [ntdll.dll+0x6ce51]


---------------  P R O C E S S  ---------------

Java Threads: ( => current thread )
  0x000000001edbf800 JavaThread "/127.0.0.1:55885 to /127.0.0.1:55886 workers Thread 5" [_thread_in_native, id=29392, stack(0x000000002aec0000,0x000000002afc0000)]
  0x000000001edc5000 JavaThread "/127.0.0.1:55885 to /127.0.0.1:55886 workers Thread 4" [_thread_blocked, id=25736, stack(0x000000002adc0000,0x000000002aec0000)]
  0x000000001edc2800 JavaThread "/127.0.0.1:55885 to /127.0.0.1:55886 workers Thread 3" [_thread_blocked, id=28020, stack(0x000000002acc0000,0x000000002adc0000)]
  0x000000001edbf000 JavaThread "/127.0.0.1:55885 to /127.0.0.1:55886 workers Thread 2" [_thread_blocked, id=29396, stack(0x000000002a8c0000,0x000000002a9c0000)]
  0x000000001edbe000 JavaThread "/127.0.0.1:55885 to /127.0.0.1:55886 workers" [_thread_blocked, id=25396, stack(0x000000002a6c0000,0x000000002a7c0000)]
  0x000000001edbd800 JavaThread "Exec process Thread 4" [_thread_in_native, id=29376, stack(0x000000002a7c0000,0x000000002a8c0000)]
  0x000000001edc3800 JavaThread "Incoming local TCP Connector on port 55885" [_thread_blocked, id=23796, stack(0x000000002abc0000,0x000000002acc0000)]
  0x000000002282b000 JavaThread "Cache worker for Java compile cache (C:\Users\chia7712\ohara\.gradle\6.4.1\javaCompile)" [_thread_blocked, id=24596, stack(0x0000000029fc0000,0x000000002a0c0000)]
  0x0000000022832000 JavaThread "Cache worker for Java compile cache (C:\Users\chia7712\.gradle\caches\6.4.1\javaCompile)" [_thread_blocked, id=24800, stack(0x0000000029ec0000,0x0000000029fc0000)]
  0x000000002282a000 JavaThread "Exec process Thread 3" [_thread_in_native, id=28292, stack(0x0000000029dc0000,0x0000000029ec0000)]
  0x000000002282e000 JavaThread "Exec process Thread 2" [_thread_blocked, id=3284, stack(0x0000000029cc0000,0x0000000029dc0000)]
  0x0000000022831000 JavaThread "Exec process" [_thread_in_native, id=25816, stack(0x0000000029bc0000,0x0000000029cc0000)]
  0x000000002282e800 JavaThread "Cache worker for execution history cache (C:\Users\chia7712\ohara\.gradle\6.4.1\executionHistory)" [_thread_blocked, id=23064, stack(0x0000000029ac0000,0x0000000029bc0000)]
  0x000000002282d000 JavaThread "Execution worker for ':' Thread 15" [_thread_blocked, id=23464, stack(0x00000000299c0000,0x0000000029ac0000)]
  0x0000000022830800 JavaThread "Execution worker for ':' Thread 14" [_thread_blocked, id=9580, stack(0x00000000298c0000,0x00000000299c0000)]
  0x000000002282c800 JavaThread "Execution worker for ':' Thread 13" [_thread_blocked, id=14716, stack(0x00000000297c0000,0x00000000298c0000)]
  0x000000001ba52800 JavaThread "Execution worker for ':' Thread 12" [_thread_blocked, id=10188, stack(0x00000000296c0000,0x00000000297c0000)]
  0x000000001ecaf000 JavaThread "Execution worker for ':' Thread 11" [_thread_blocked, id=28208, stack(0x00000000295c0000,0x00000000296c0000)]
  0x000000001ecb1800 JavaThread "Execution worker for ':' Thread 10" [_thread_blocked, id=2132, stack(0x00000000294c0000,0x00000000295c0000)]
  0x000000001ecad800 JavaThread "Execution worker for ':' Thread 9" [_thread_blocked, id=30704, stack(0x00000000293c0000,0x00000000294c0000)]
  0x000000001ecb0000 JavaThread "Execution worker for ':' Thread 8" [_thread_blocked, id=9664, stack(0x00000000292c0000,0x00000000293c0000)]
  0x000000001ecad000 JavaThread "Execution worker for ':' Thread 7" [_thread_blocked, id=12940, stack(0x00000000291c0000,0x00000000292c0000)]
  0x000000001ecac000 JavaThread "Execution worker for ':' Thread 6" [_thread_blocked, id=1396, stack(0x00000000290c0000,0x00000000291c0000)]
  0x000000001ecae800 JavaThread "Execution worker for ':' Thread 5" [_thread_blocked, id=26360, stack(0x0000000028fc0000,0x00000000290c0000)]
  0x000000001ecb0800 JavaThread "Execution worker for ':' Thread 4" [_thread_blocked, id=30304, stack(0x0000000028c50000,0x0000000028d50000)]
  0x000000001eca4800 JavaThread "Execution worker for ':' Thread 3" [_thread_blocked, id=30652, stack(0x0000000028870000,0x0000000028970000)]
  0x000000001eca5800 JavaThread "Execution worker for ':' Thread 2" [_thread_blocked, id=7572, stack(0x0000000028770000,0x0000000028870000)]
  0x000000001eca6000 JavaThread "Execution worker for ':'" [_thread_blocked, id=23504, stack(0x0000000027620000,0x0000000027720000)]
  0x000000001eca4000 JavaThread "Cache worker for file content cache (C:\Users\chia7712\ohara\.gradle\6.4.1\fileContent)" [_thread_blocked, id=24340, stack(0x0000000028ec0000,0x0000000028fc0000)]
  0x000000001ecaa000 JavaThread "Memory manager" [_thread_blocked, id=25608, stack(0x0000000028dc0000,0x0000000028ec0000)]
  0x000000001eca8800 JavaThread "Cache worker for Build Output Cleanup Cache (C:\Users\chia7712\ohara\.gradle\buildOutputCleanup)" [_thread_blocked, id=27520, stack(0x0000000025d30000,0x0000000025e30000)]
  0x000000001eca7800 JavaThread "Build operations Thread 16" [_thread_blocked, id=19512, stack(0x00000000257e0000,0x00000000258e0000)]
  0x000000001ba5d000 JavaThread "Build operations Thread 15" [_thread_blocked, id=30276, stack(0x00000000256e0000,0x00000000257e0000)]
  0x000000001ba5b800 JavaThread "Build operations Thread 14" [_thread_blocked, id=2876, stack(0x00000000255e0000,0x00000000256e0000)]
  0x000000001ba5e800 JavaThread "Build operations Thread 13" [_thread_blocked, id=21892, stack(0x00000000254e0000,0x00000000255e0000)]
  0x000000001ba5b000 JavaThread "Build operations Thread 12" [_thread_blocked, id=25424, stack(0x00000000253e0000,0x00000000254e0000)]
  0x000000001ba5a000 JavaThread "Build operations Thread 11" [_thread_blocked, id=16480, stack(0x00000000252e0000,0x00000000253e0000)]
  0x000000001ba59800 JavaThread "Build operations Thread 10" [_thread_blocked, id=11960, stack(0x00000000251e0000,0x00000000252e0000)]
  0x000000001ba5c800 JavaThread "Build operations Thread 9" [_thread_blocked, id=21400, stack(0x00000000250e0000,0x00000000251e0000)]
  0x000000001ba5e000 JavaThread "Build operations Thread 8" [_thread_blocked, id=30396, stack(0x0000000024fe0000,0x00000000250e0000)]
  0x000000001ba5f800 JavaThread "Build operations Thread 7" [_thread_blocked, id=22416, stack(0x0000000024ee0000,0x0000000024fe0000)]
  0x000000001ba52000 JavaThread "Build operations Thread 6" [_thread_blocked, id=7392, stack(0x0000000024bc0000,0x0000000024cc0000)]
  0x000000001ba53800 JavaThread "Build operations Thread 5" [_thread_blocked, id=10544, stack(0x0000000024ac0000,0x0000000024bc0000)]
  0x000000001ba58800 JavaThread "Build operations Thread 4" [_thread_blocked, id=19216, stack(0x00000000249c0000,0x0000000024ac0000)]
  0x000000001ba58000 JavaThread "Build operations Thread 3" [_thread_blocked, id=8348, stack(0x00000000248c0000,0x00000000249c0000)]
  0x000000001ba56800 JavaThread "Build operations Thread 2" [_thread_blocked, id=28380, stack(0x00000000247c0000,0x00000000248c0000)]
  0x000000001ba57000 JavaThread "Build operations" [_thread_blocked, id=27008, stack(0x00000000246c0000,0x00000000247c0000)]
  0x000000001ba50800 JavaThread "Cache worker for file content cache (C:\Users\chia7712\.gradle\caches\6.4.1\fileContent)" [_thread_blocked, id=26564, stack(0x0000000021950000,0x0000000021a50000)]
  0x000000001ba54000 JavaThread "Cache worker for execution history cache (C:\Users\chia7712\.gradle\caches\6.4.1\executionHistory)" [_thread_blocked, id=30536, stack(0x0000000020830000,0x0000000020930000)]
  0x000000001ba51000 JavaThread "Cache worker for cache directory md-rule (C:\Users\chia7712\.gradle\caches\6.4.1\md-rule)" [_thread_blocked, id=23816, stack(0x0000000020730000,0x0000000020830000)]
  0x0000000017813000 JavaThread "Cache worker for cache directory md-supplier (C:\Users\chia7712\.gradle\caches\6.4.1\md-supplier)" [_thread_blocked, id=29572, stack(0x0000000020630000,0x0000000020730000)]
  0x0000000017819000 JavaThread "Cache worker for checksums cache (C:\Users\chia7712\ohara\.gradle\checksums)" [_thread_blocked, id=2988, stack(0x0000000020330000,0x0000000020430000)]
  0x0000000017818800 JavaThread "Cache worker for file hash cache (C:\Users\chia7712\ohara\.gradle\6.4.1\fileHashes)" [_thread_blocked, id=9932, stack(0x0000000020230000,0x0000000020330000)]
  0x0000000017817800 JavaThread "File watcher consumer" daemon [_thread_blocked, id=23576, stack(0x0000000020130000,0x0000000020230000)]
  0x0000000017812800 JavaThread "Cache worker for file hash cache (C:\Users\chia7712\.gradle\caches\6.4.1\fileHashes)" [_thread_blocked, id=17216, stack(0x000000001de90000,0x000000001df90000)]
  0x0000000017815800 JavaThread "File lock request listener" [_thread_in_native, id=12024, stack(0x000000001dd90000,0x000000001de90000)]
  0x0000000017814800 JavaThread "Cache worker for journal cache (C:\Users\chia7712\.gradle\caches\journal-1)" [_thread_blocked, id=29216, stack(0x000000001dc90000,0x000000001dd90000)]
  0x000000001bf73800 JavaThread "Thread-9" [_thread_blocked, id=23404, stack(0x000000001d990000,0x000000001da90000)]
  0x000000001bf70000 JavaThread "Stdin handler" [_thread_blocked, id=1140, stack(0x000000001d890000,0x000000001d990000)]
  0x000000001bf6f000 JavaThread "Asynchronous log dispatcher for DefaultDaemonConnection: socket connection from /127.0.0.1:55874 to /127.0.0.1:55877" [_thread_blocked, id=22476, stack(0x000000001d790000,0x000000001d890000)]
  0x000000001bfaa000 JavaThread "Daemon worker" [_thread_blocked, id=28632, stack(0x000000001d690000,0x000000001d790000)]
  0x000000001bfa9000 JavaThread "Cancel handler" [_thread_blocked, id=20768, stack(0x000000001d590000,0x000000001d690000)]
  0x000000001bef2800 JavaThread "Handler for socket connection from /127.0.0.1:55874 to /127.0.0.1:55877" [_thread_in_native, id=22636, stack(0x000000001d290000,0x000000001d390000)]
  0x000000001beef000 JavaThread "Daemon" [_thread_blocked, id=3544, stack(0x000000001d190000,0x000000001d290000)]
  0x000000001bed7000 JavaThread "Daemon periodic checks" [_thread_blocked, id=29316, stack(0x000000001d090000,0x000000001d190000)]
  0x000000001bed0000 JavaThread "Incoming local TCP Connector on port 55874" [_thread_in_native, id=19784, stack(0x000000001cee0000,0x000000001cfe0000)]
  0x000000001be7c800 JavaThread "Daemon health stats" [_thread_blocked, id=28368, stack(0x000000001cbe0000,0x000000001cce0000)]
  0x00000000178a7000 JavaThread "Service Thread" daemon [_thread_blocked, id=27980, stack(0x0000000019fd0000,0x000000001a0d0000)]
  0x0000000017814000 JavaThread "C1 CompilerThread11" daemon [_thread_blocked, id=19856, stack(0x0000000019dd0000,0x0000000019ed0000)]
  0x0000000017816000 JavaThread "C1 CompilerThread10" daemon [_thread_blocked, id=16348, stack(0x0000000019cd0000,0x0000000019dd0000)]
  0x0000000017801800 JavaThread "C1 CompilerThread9" daemon [_thread_blocked, id=12348, stack(0x0000000019bd0000,0x0000000019cd0000)]
  0x00000000177e8000 JavaThread "C1 CompilerThread8" daemon [_thread_blocked, id=7020, stack(0x0000000019ad0000,0x0000000019bd0000)]
  0x00000000177dd000 JavaThread "C2 CompilerThread7" daemon [_thread_blocked, id=24096, stack(0x00000000199d0000,0x0000000019ad0000)]
  0x00000000177d8000 JavaThread "C2 CompilerThread6" daemon [_thread_blocked, id=23300, stack(0x00000000198d0000,0x00000000199d0000)]
  0x00000000177d2000 JavaThread "C2 CompilerThread5" daemon [_thread_blocked, id=6392, stack(0x00000000197d0000,0x00000000198d0000)]
  0x00000000177ca800 JavaThread "C2 CompilerThread4" daemon [_thread_blocked, id=2296, stack(0x00000000196d0000,0x00000000197d0000)]
  0x00000000177c9800 JavaThread "C2 CompilerThread3" daemon [_thread_blocked, id=29208, stack(0x00000000195d0000,0x00000000196d0000)]
  0x00000000177c3800 JavaThread "C2 CompilerThread2" daemon [_thread_blocked, id=10152, stack(0x00000000194d0000,0x00000000195d0000)]
  0x00000000177c3000 JavaThread "C2 CompilerThread1" daemon [_thread_blocked, id=24620, stack(0x00000000193d0000,0x00000000194d0000)]
  0x00000000177be800 JavaThread "C2 CompilerThread0" daemon [_thread_blocked, id=24832, stack(0x00000000192d0000,0x00000000193d0000)]
  0x0000000017768000 JavaThread "Attach Listener" daemon [_thread_blocked, id=25908, stack(0x00000000191d0000,0x00000000192d0000)]
  0x0000000017752800 JavaThread "Signal Dispatcher" daemon [_thread_blocked, id=22244, stack(0x00000000190d0000,0x00000000191d0000)]
  0x0000000015cf5800 JavaThread "Finalizer" daemon [_thread_blocked, id=23308, stack(0x0000000018fd0000,0x00000000190d0000)]
  0x0000000015cec000 JavaThread "Reference Handler" daemon [_thread_blocked, id=28432, stack(0x0000000018ed0000,0x0000000018fd0000)]
  0x000000000285e800 JavaThread "main" [_thread_blocked, id=17804, stack(0x00000000026c0000,0x00000000027c0000)]

Other Threads:
  0x0000000017725800 VMThread [stack: 0x0000000018dd0000,0x0000000018ed0000] [id=17476]
  0x00000000178d1000 WatcherThread [stack: 0x000000001a0d0000,0x000000001a1d0000] [id=6492]

=>0x0000000002bf6000 (exited) GCTaskThread [stack: 0x0000000012c00000,0x0000000012d00000] [id=28268]

VM state:at safepoint (normal execution)

VM Mutex/Monitor currently owned by a thread:  ([mutex/lock_event])
[0x000000000285d3c0] Threads_lock - owner thread: 0x0000000017725800
[0x000000000285d8c0] Heap_lock - owner thread: 0x000000001ecac000

heap address: 0x00000000c0000000, size: 1024 MB, Compressed Oops mode: 32-bit
Narrow klass base: 0x0000000000000000, Narrow klass shift: 3
Compressed class space size: 1073741824 Address: 0x0000000100000000

Heap:
 PSYoungGen      total 245760K, used 46110K [0x00000000eab00000, 0x00000000ffd80000, 0x0000000100000000)
  eden space 152576K, 0% used [0x00000000eab00000,0x00000000eab00000,0x00000000f4000000)
  from space 93184K, 49% used [0x00000000f4000000,0x00000000f6d078f8,0x00000000f9b00000)
  to   space 92672K, 0% used [0x00000000fa300000,0x00000000fa300000,0x00000000ffd80000)
 ParOldGen       total 699392K, used 658458K [0x00000000c0000000, 0x00000000eab00000, 0x00000000eab00000)
  object space 699392K, 94% used [0x00000000c0000000,0x00000000e8306b48,0x00000000eab00000)
 Metaspace       used 86920K, capacity 91589K, committed 91776K, reserved 1128448K
  class space    used 12072K, capacity 13080K, committed 13184K, reserved 1048576K

Card table byte_map: [0x0000000012090000,0x00000000122a0000] byte_map_base: 0x0000000011a90000

Marking Bits: (ParMarkBitMap*) 0x0000000051bdbe30
 Begin Bits: [0x0000000013100000, 0x0000000014100000)
 End Bits:   [0x0000000014100000, 0x0000000015100000)

Polling page: 0x0000000001040000

CodeCache: size=245760Kb used=63636Kb max_used=64712Kb free=182123Kb
 bounds [0x0000000002cd0000, 0x0000000006ca0000, 0x0000000011cd0000]
 total_blobs=17957 nmethods=17121 adapters=740
 compilation: enabled

Compilation events (10 events):
Event: 57.285 Thread 0x00000000177e8000 nmethod 20658 0x0000000005c78a10 code [0x0000000005c78b60, 0x0000000005c78d10]
Event: 57.285 Thread 0x0000000017814000 nmethod 20659 0x0000000005d13f90 code [0x0000000005d14100, 0x0000000005d14368]
Event: 57.285 Thread 0x0000000017816000 20660       3       org.gradle.api.internal.artifacts.configurations.DefaultConfiguration::markAsObserved (11 bytes)
Event: 57.285 Thread 0x0000000017801800 20661   !   3       org.gradle.api.internal.artifacts.configurations.DefaultConfiguration::markThisObserved (34 bytes)
Event: 57.286 Thread 0x0000000017801800 nmethod 20661 0x0000000005d34190 code [0x0000000005d34300, 0x0000000005d34728]
Event: 57.286 Thread 0x0000000017816000 nmethod 20660 0x0000000005c76ad0 code [0x0000000005c76c60, 0x0000000005c77118]
Event: 57.288 Thread 0x00000000177be800 nmethod 20657 0x0000000005df4450 code [0x0000000005df45c0, 0x0000000005df4c58]
Event: 57.307 Thread 0x00000000177c3000 nmethod 20630 0x0000000005623cd0 code [0x00000000056240c0, 0x0000000005627068]
Event: 57.450 Thread 0x00000000177ca800 nmethod 20604 0x0000000003915710 code [0x0000000003915de0, 0x000000000391e6e0]
Event: 57.504 Thread 0x00000000177c3800 nmethod 20608 0x0000000006c773d0 code [0x0000000006c77c40, 0x0000000006c827a8]

GC Heap History (10 events):
Event: 58.099 GC heap after
Heap after GC invocations=44 (full 3):
 PSYoungGen      total 228352K, used 34496K [0x00000000eab00000, 0x00000000ff280000, 0x0000000100000000)
  eden space 122880K, 0% used [0x00000000eab00000,0x00000000eab00000,0x00000000f2300000)
  from space 105472K, 32% used [0x00000000f2300000,0x00000000f44b0000,0x00000000f8a00000)
  to   space 100864K, 0% used [0x00000000f9000000,0x00000000f9000000,0x00000000ff280000)
 ParOldGen       total 699392K, used 506058K [0x00000000c0000000, 0x00000000eab00000, 0x00000000eab00000)
  object space 699392K, 72% used [0x00000000c0000000,0x00000000dee32b88,0x00000000eab00000)
 Metaspace       used 86920K, capacity 91589K, committed 91776K, reserved 1128448K
  class space    used 12072K, capacity 13080K, committed 13184K, reserved 1048576K
}
Event: 58.295 GC heap before
{Heap before GC invocations=45 (full 3):
 PSYoungGen      total 228352K, used 157376K [0x00000000eab00000, 0x00000000ff280000, 0x0000000100000000)
  eden space 122880K, 100% used [0x00000000eab00000,0x00000000f2300000,0x00000000f2300000)
  from space 105472K, 32% used [0x00000000f2300000,0x00000000f44b0000,0x00000000f8a00000)
  to   space 100864K, 0% used [0x00000000f9000000,0x00000000f9000000,0x00000000ff280000)
 ParOldGen       total 699392K, used 506058K [0x00000000c0000000, 0x00000000eab00000, 0x00000000eab00000)
  object space 699392K, 72% used [0x00000000c0000000,0x00000000dee32b88,0x00000000eab00000)
 Metaspace       used 86920K, capacity 91589K, committed 91776K, reserved 1128448K
  class space    used 12072K, capacity 13080K, committed 13184K, reserved 1048576K
Event: 58.311 GC heap after
Heap after GC invocations=45 (full 3):
 PSYoungGen      total 238080K, used 36797K [0x00000000eab00000, 0x00000000ff480000, 0x0000000100000000)
  eden space 137216K, 0% used [0x00000000eab00000,0x00000000eab00000,0x00000000f3100000)
  from space 100864K, 36% used [0x00000000f9000000,0x00000000fb3ef568,0x00000000ff280000)
  to   space 97280K, 0% used [0x00000000f3100000,0x00000000f3100000,0x00000000f9000000)
 ParOldGen       total 699392K, used 541090K [0x00000000c0000000, 0x00000000eab00000, 0x00000000eab00000)
  object space 699392K, 77% used [0x00000000c0000000,0x00000000e1068b88,0x00000000eab00000)
 Metaspace       used 86920K, capacity 91589K, committed 91776K, reserved 1128448K
  class space    used 12072K, capacity 13080K, committed 13184K, reserved 1048576K
}
Event: 58.525 GC heap before
{Heap before GC invocations=46 (full 3):
 PSYoungGen      total 238080K, used 174013K [0x00000000eab00000, 0x00000000ff480000, 0x0000000100000000)
  eden space 137216K, 100% used [0x00000000eab00000,0x00000000f3100000,0x00000000f3100000)
  from space 100864K, 36% used [0x00000000f9000000,0x00000000fb3ef568,0x00000000ff280000)
  to   space 97280K, 0% used [0x00000000f3100000,0x00000000f3100000,0x00000000f9000000)
 ParOldGen       total 699392K, used 541090K [0x00000000c0000000, 0x00000000eab00000, 0x00000000eab00000)
  object space 699392K, 77% used [0x00000000c0000000,0x00000000e1068b88,0x00000000eab00000)
 Metaspace       used 86920K, capacity 91589K, committed 91776K, reserved 1128448K
  class space    used 12072K, capacity 13080K, committed 13184K, reserved 1048576K
Event: 58.540 GC heap after
Heap after GC invocations=46 (full 3):
 PSYoungGen      total 234496K, used 39697K [0x00000000eab00000, 0x00000000ff780000, 0x0000000100000000)
  eden space 137216K, 0% used [0x00000000eab00000,0x00000000eab00000,0x00000000f3100000)
  from space 97280K, 40% used [0x00000000f3100000,0x00000000f57c4518,0x00000000f9000000)
  to   space 94720K, 0% used [0x00000000f9b00000,0x00000000f9b00000,0x00000000ff780000)
 ParOldGen       total 699392K, used 578356K [0x00000000c0000000, 0x00000000eab00000, 0x00000000eab00000)
  object space 699392K, 82% used [0x00000000c0000000,0x00000000e34cd268,0x00000000eab00000)
 Metaspace       used 86920K, capacity 91589K, committed 91776K, reserved 1128448K
  class space    used 12072K, capacity 13080K, committed 13184K, reserved 1048576K
}
Event: 58.749 GC heap before
{Heap before GC invocations=47 (full 3):
 PSYoungGen      total 234496K, used 176913K [0x00000000eab00000, 0x00000000ff780000, 0x0000000100000000)
  eden space 137216K, 100% used [0x00000000eab00000,0x00000000f3100000,0x00000000f3100000)
  from space 97280K, 40% used [0x00000000f3100000,0x00000000f57c4518,0x00000000f9000000)
  to   space 94720K, 0% used [0x00000000f9b00000,0x00000000f9b00000,0x00000000ff780000)
 ParOldGen       total 699392K, used 578356K [0x00000000c0000000, 0x00000000eab00000, 0x00000000eab00000)
  object space 699392K, 82% used [0x00000000c0000000,0x00000000e34cd268,0x00000000eab00000)
 Metaspace       used 86920K, capacity 91589K, committed 91776K, reserved 1128448K
  class space    used 12072K, capacity 13080K, committed 13184K, reserved 1048576K
Event: 58.764 GC heap after
Heap after GC invocations=47 (full 3):
 PSYoungGen      total 247296K, used 41054K [0x00000000eab00000, 0x00000000ffa80000, 0x0000000100000000)
  eden space 152576K, 0% used [0x00000000eab00000,0x00000000eab00000,0x00000000f4000000)
  from space 94720K, 43% used [0x00000000f9b00000,0x00000000fc317b58,0x00000000ff780000)
  to   space 93184K, 0% used [0x00000000f4000000,0x00000000f4000000,0x00000000f9b00000)
 ParOldGen       total 699392K, used 618060K [0x00000000c0000000, 0x00000000eab00000, 0x00000000eab00000)
  object space 699392K, 88% used [0x00000000c0000000,0x00000000e5b930e8,0x00000000eab00000)
 Metaspace       used 86920K, capacity 91589K, committed 91776K, reserved 1128448K
  class space    used 12072K, capacity 13080K, committed 13184K, reserved 1048576K
}
Event: 59.001 GC heap before
{Heap before GC invocations=48 (full 3):
 PSYoungGen      total 247296K, used 193630K [0x00000000eab00000, 0x00000000ffa80000, 0x0000000100000000)
  eden space 152576K, 100% used [0x00000000eab00000,0x00000000f4000000,0x00000000f4000000)
  from space 94720K, 43% used [0x00000000f9b00000,0x00000000fc317b58,0x00000000ff780000)
  to   space 93184K, 0% used [0x00000000f4000000,0x00000000f4000000,0x00000000f9b00000)
 ParOldGen       total 699392K, used 618060K [0x00000000c0000000, 0x00000000eab00000, 0x00000000eab00000)
  object space 699392K, 88% used [0x00000000c0000000,0x00000000e5b930e8,0x00000000eab00000)
 Metaspace       used 86920K, capacity 91589K, committed 91776K, reserved 1128448K
  class space    used 12072K, capacity 13080K, committed 13184K, reserved 1048576K
Event: 59.016 GC heap after
Heap after GC invocations=48 (full 3):
 PSYoungGen      total 245760K, used 46110K [0x00000000eab00000, 0x00000000ffd80000, 0x0000000100000000)
  eden space 152576K, 0% used [0x00000000eab00000,0x00000000eab00000,0x00000000f4000000)
  from space 93184K, 49% used [0x00000000f4000000,0x00000000f6d078f8,0x00000000f9b00000)
  to   space 92672K, 0% used [0x00000000fa300000,0x00000000fa300000,0x00000000ffd80000)
 ParOldGen       total 699392K, used 658458K [0x00000000c0000000, 0x00000000eab00000, 0x00000000eab00000)
  object space 699392K, 94% used [0x00000000c0000000,0x00000000e8306b48,0x00000000eab00000)
 Metaspace       used 86920K, capacity 91589K, committed 91776K, reserved 1128448K
  class space    used 12072K, capacity 13080K, committed 13184K, reserved 1048576K
}
Event: 59.016 GC heap before
{Heap before GC invocations=49 (full 4):
 PSYoungGen      total 245760K, used 46110K [0x00000000eab00000, 0x00000000ffd80000, 0x0000000100000000)
  eden space 152576K, 0% used [0x00000000eab00000,0x00000000eab00000,0x00000000f4000000)
  from space 93184K, 49% used [0x00000000f4000000,0x00000000f6d078f8,0x00000000f9b00000)
  to   space 92672K, 0% used [0x00000000fa300000,0x00000000fa300000,0x00000000ffd80000)
 ParOldGen       total 699392K, used 658458K [0x00000000c0000000, 0x00000000eab00000, 0x00000000eab00000)
  object space 699392K, 94% used [0x00000000c0000000,0x00000000e8306b48,0x00000000eab00000)
 Metaspace       used 86920K, capacity 91589K, committed 91776K, reserved 1128448K
  class space    used 12072K, capacity 13080K, committed 13184K, reserved 1048576K

Deoptimization events (10 events):
Event: 57.202 Thread 0x000000001ecac000 Uncommon trap: reason=class_check action=maybe_recompile pc=0x0000000006c22cd8 method=scala.collection.MapLike$class.getOrElse(Lscala/collection/MapLike;Ljava/lang/Object;Lscala/Function0;)Ljava/lang/Object; @ 42
Event: 57.202 Thread 0x000000001ecac000 Uncommon trap: reason=class_check action=maybe_recompile pc=0x0000000006c22cd8 method=scala.collection.MapLike$class.getOrElse(Lscala/collection/MapLike;Ljava/lang/Object;Lscala/Function0;)Ljava/lang/Object; @ 42
Event: 57.202 Thread 0x000000001ecac000 Uncommon trap: reason=class_check action=maybe_recompile pc=0x0000000006c22cd8 method=scala.collection.MapLike$class.getOrElse(Lscala/collection/MapLike;Ljava/lang/Object;Lscala/Function0;)Ljava/lang/Object; @ 42
Event: 57.209 Thread 0x000000001ecac000 Uncommon trap: reason=array_check action=maybe_recompile pc=0x0000000004992418 method=scala.collection.mutable.ArrayBuilder$ofRef.$plus$eq(Ljava/lang/Object;)Lscala/collection/mutable/ArrayBuilder$ofRef; @ 19
Event: 57.209 Thread 0x000000001ecac000 Uncommon trap: reason=array_check action=maybe_recompile pc=0x0000000004992418 method=scala.collection.mutable.ArrayBuilder$ofRef.$plus$eq(Ljava/lang/Object;)Lscala/collection/mutable/ArrayBuilder$ofRef; @ 19
Event: 57.209 Thread 0x000000001ecac000 Uncommon trap: reason=array_check action=maybe_recompile pc=0x0000000004992418 method=scala.collection.mutable.ArrayBuilder$ofRef.$plus$eq(Ljava/lang/Object;)Lscala/collection/mutable/ArrayBuilder$ofRef; @ 19
Event: 57.209 Thread 0x000000001ecac000 Uncommon trap: reason=array_check action=maybe_recompile pc=0x0000000004992418 method=scala.collection.mutable.ArrayBuilder$ofRef.$plus$eq(Ljava/lang/Object;)Lscala/collection/mutable/ArrayBuilder$ofRef; @ 19
Event: 57.223 Thread 0x000000001ecac000 Uncommon trap: reason=bimorphic action=maybe_recompile pc=0x00000000060e3a18 method=java.util.ArrayList$ArrayListSpliterator.tryAdvance(Ljava/util/function/Consumer;)Z @ 48
Event: 57.223 Thread 0x000000001ecac000 Uncommon trap: reason=bimorphic action=maybe_recompile pc=0x00000000060e3a18 method=java.util.ArrayList$ArrayListSpliterator.tryAdvance(Ljava/util/function/Consumer;)Z @ 48
Event: 57.223 Thread 0x000000001ecac000 Uncommon trap: reason=bimorphic action=maybe_recompile pc=0x00000000060e3a18 method=java.util.ArrayList$ArrayListSpliterator.tryAdvance(Ljava/util/function/Consumer;)Z @ 48

Classes redefined (0 events):
No events

Internal exceptions (10 events):
Event: 45.157 Thread 0x000000002282d000 Implicit null exception at 0x0000000003c166a3 to 0x0000000003c16909
Event: 53.082 Thread 0x000000001ecac000 Implicit null exception at 0x0000000003ac8128 to 0x0000000003ac8259
Event: 53.391 Thread 0x000000001ecac000 Implicit null exception at 0x0000000003aa78c2 to 0x0000000003aa7a05
Event: 53.394 Thread 0x000000001ecac000 Exception <a 'java/lang/NoSuchMethodError': java.lang.Object.defaultLog(Ljava/lang/Throwable;)V> (0x00000000ee7ca1c8) thrown at [C:\ade\jenkins\workspace\8-2-build-windows-amd64-cygwin\jdk8u241\331\hotspot\src\share\vm\interpreter\linkResolver.cpp, line 6
Event: 53.400 Thread 0x000000001ecac000 Exception <a 'java/lang/ArrayIndexOutOfBoundsException': 355> (0x00000000ee838838) thrown at [C:\ade\jenkins\workspace\8-2-build-windows-amd64-cygwin\jdk8u241\331\hotspot\src\share\vm\interpreter\interpreterRuntime.cpp, line 368]
Event: 53.401 Thread 0x000000001ecac000 Exception <a 'java/lang/ArrayIndexOutOfBoundsException': 58> (0x00000000ee83c848) thrown at [C:\ade\jenkins\workspace\8-2-build-windows-amd64-cygwin\jdk8u241\331\hotspot\src\share\vm\interpreter\interpreterRuntime.cpp, line 368]
Event: 53.404 Thread 0x000000001ecac000 Exception <a 'java/lang/ArrayIndexOutOfBoundsException'> (0x00000000ee8c27e0) thrown at [C:\ade\jenkins\workspace\8-2-build-windows-amd64-cygwin\jdk8u241\331\hotspot\src\share\vm\runtime\sharedRuntime.cpp, line 605]
Event: 53.554 Thread 0x000000001ecac000 Exception <a 'java/lang/NoSuchMethodError': <clinit>> (0x00000000eef57e28) thrown at [C:\ade\jenkins\workspace\8-2-build-windows-amd64-cygwin\jdk8u241\331\hotspot\src\share\vm\prims\jni.cpp, line 1614]
Event: 53.554 Thread 0x000000001ecac000 Exception <a 'java/lang/NoSuchMethodError': <clinit>> (0x00000000eef58cf8) thrown at [C:\ade\jenkins\workspace\8-2-build-windows-amd64-cygwin\jdk8u241\331\hotspot\src\share\vm\prims\jni.cpp, line 1614]
Event: 53.729 Thread 0x000000001ecac000 Exception <a 'java/lang/NoSuchMethodError': java.lang.Object.lambda$codePoints$1()Ljava/util/Spliterator$OfInt;> (0x00000000ef732f88) thrown at [C:\ade\jenkins\workspace\8-2-build-windows-amd64-cygwin\jdk8u241\331\hotspot\src\share\vm\interpreter\linkReso

Events (10 events):
Event: 57.884 Executing VM operation: ParallelGCFailedAllocation done
Event: 58.086 Executing VM operation: ParallelGCFailedAllocation
Event: 58.099 Executing VM operation: ParallelGCFailedAllocation done
Event: 58.295 Executing VM operation: ParallelGCFailedAllocation
Event: 58.311 Executing VM operation: ParallelGCFailedAllocation done
Event: 58.525 Executing VM operation: ParallelGCFailedAllocation
Event: 58.540 Executing VM operation: ParallelGCFailedAllocation done
Event: 58.749 Executing VM operation: ParallelGCFailedAllocation
Event: 58.764 Executing VM operation: ParallelGCFailedAllocation done
Event: 59.001 Executing VM operation: ParallelGCFailedAllocation


Dynamic libraries:
0x00007ff6a5900000 - 0x00007ff6a5937000 	C:\Program Files\Java\jdk1.8.0_241\bin\java.exe
0x00007ff815f40000 - 0x00007ff816130000 	C:\Windows\SYSTEM32\ntdll.dll
0x00007ff815d50000 - 0x00007ff815e02000 	C:\Windows\System32\KERNEL32.DLL
0x00007ff8131d0000 - 0x00007ff813474000 	C:\Windows\System32\KERNELBASE.dll
0x00007ff815600000 - 0x00007ff8156a3000 	C:\Windows\System32\ADVAPI32.dll
0x00007ff8145e0000 - 0x00007ff81467e000 	C:\Windows\System32\msvcrt.dll
0x00007ff815710000 - 0x00007ff8157a7000 	C:\Windows\System32\sechost.dll
0x00007ff814d70000 - 0x00007ff814e90000 	C:\Windows\System32\RPCRT4.dll
0x00007ff814180000 - 0x00007ff814314000 	C:\Windows\System32\USER32.dll
0x00007ff8134d0000 - 0x00007ff8134f1000 	C:\Windows\System32\win32u.dll
0x00007ff815e20000 - 0x00007ff815e46000 	C:\Windows\System32\GDI32.dll
0x00007ff812fb0000 - 0x00007ff813144000 	C:\Windows\System32\gdi32full.dll
0x00007ff813e00000 - 0x00007ff813e9e000 	C:\Windows\System32\msvcp_win.dll
0x00007ff813580000 - 0x00007ff81367a000 	C:\Windows\System32\ucrtbase.dll
0x00007ff809830000 - 0x00007ff809ab4000 	C:\Windows\WinSxS\amd64_microsoft.windows.common-controls_6595b64144ccf1df_6.0.18362.836_none_e6c4b943130f18ed\COMCTL32.dll
0x00007ff8157b0000 - 0x00007ff815ae6000 	C:\Windows\System32\combase.dll
0x00007ff813150000 - 0x00007ff8131d0000 	C:\Windows\System32\bcryptPrimitives.dll
0x00007ff8140d0000 - 0x00007ff8140fe000 	C:\Windows\System32\IMM32.DLL
0x0000000051c60000 - 0x0000000051d32000 	C:\Program Files\Java\jdk1.8.0_241\jre\bin\msvcr100.dll
0x00000000513b0000 - 0x0000000051c5c000 	C:\Program Files\Java\jdk1.8.0_241\jre\bin\server\jvm.dll
0x00007ff815e10000 - 0x00007ff815e18000 	C:\Windows\System32\PSAPI.DLL
0x00007ffffe120000 - 0x00007ffffe129000 	C:\Windows\SYSTEM32\WSOCK32.dll
0x00007ff810d20000 - 0x00007ff810d44000 	C:\Windows\SYSTEM32\WINMM.dll
0x00007ff80c670000 - 0x00007ff80c67a000 	C:\Windows\SYSTEM32\VERSION.dll
0x00007ff815450000 - 0x00007ff8154bf000 	C:\Windows\System32\WS2_32.dll
0x00007ff8108a0000 - 0x00007ff8108cd000 	C:\Windows\SYSTEM32\WINMMBASE.dll
0x00007ff813480000 - 0x00007ff8134ca000 	C:\Windows\System32\cfgmgr32.dll
0x00007ff80d6f0000 - 0x00007ff80d6ff000 	C:\Program Files\Java\jdk1.8.0_241\jre\bin\verify.dll
0x00007ff803d00000 - 0x00007ff803d29000 	C:\Program Files\Java\jdk1.8.0_241\jre\bin\java.dll
0x00007ff8008f0000 - 0x00007ff800906000 	C:\Program Files\Java\jdk1.8.0_241\jre\bin\zip.dll
0x00007ff814680000 - 0x00007ff814d64000 	C:\Windows\System32\SHELL32.dll
0x00007ff815e50000 - 0x00007ff815ef9000 	C:\Windows\System32\shcore.dll
0x00007ff813680000 - 0x00007ff813dfe000 	C:\Windows\System32\windows.storage.dll
0x00007ff812e80000 - 0x00007ff812ea3000 	C:\Windows\System32\profapi.dll
0x00007ff812e10000 - 0x00007ff812e5a000 	C:\Windows\System32\powrprof.dll
0x00007ff812e00000 - 0x00007ff812e10000 	C:\Windows\System32\UMPDC.dll
0x00007ff8156b0000 - 0x00007ff815702000 	C:\Windows\System32\shlwapi.dll
0x00007ff812e60000 - 0x00007ff812e71000 	C:\Windows\System32\kernel.appcore.dll
0x00007ff813500000 - 0x00007ff813517000 	C:\Windows\System32\cryptsp.dll
0x00007ffffc080000 - 0x00007ffffc09a000 	C:\Program Files\Java\jdk1.8.0_241\jre\bin\net.dll
0x00007ff812620000 - 0x00007ff812687000 	C:\Windows\system32\mswsock.dll
0x00007ffffbcd0000 - 0x00007ffffbce2000 	C:\Program Files\Java\jdk1.8.0_241\jre\bin\nio.dll
0x00007ff803d60000 - 0x00007ff803d87000 	C:\Users\chia7712\.gradle\native\481b90ef2c2b5ab96622bab5346fdaaafe5c91895d4d4de1c4fe4b2e89a8011f\windows-amd64\native-platform.dll
0x00007ff80ce50000 - 0x00007ff80ce5d000 	C:\Program Files\Java\jdk1.8.0_241\jre\bin\management.dll
0x00007ff8121a0000 - 0x00007ff8121d3000 	C:\Windows\system32\rsaenh.dll
0x00007ff812ed0000 - 0x00007ff812ef6000 	C:\Windows\System32\bcrypt.dll
0x00007ff812d20000 - 0x00007ff812d45000 	C:\Windows\SYSTEM32\USERENV.dll
0x00007ff8127a0000 - 0x00007ff8127ac000 	C:\Windows\SYSTEM32\CRYPTBASE.dll
0x00007ff812340000 - 0x00007ff81237a000 	C:\Windows\SYSTEM32\IPHLPAPI.DLL
0x00007ff814050000 - 0x00007ff814058000 	C:\Windows\System32\NSI.dll
0x00007ff80c650000 - 0x00007ff80c666000 	C:\Windows\SYSTEM32\dhcpcsvc6.DLL
0x00007ff80bda0000 - 0x00007ff80bdbc000 	C:\Windows\SYSTEM32\dhcpcsvc.DLL
0x00007ff812380000 - 0x00007ff81244b000 	C:\Windows\SYSTEM32\DNSAPI.dll
0x00007ff80c680000 - 0x00007ff80c68b000 	C:\Windows\SYSTEM32\WINNSI.DLL
0x00007ff800010000 - 0x00007ff800204000 	C:\Windows\SYSTEM32\dbghelp.dll

VM Arguments:
jvm_args: -Xmx1g -Dfile.encoding=x-windows-950 -Duser.country=TW -Duser.language=zh -Duser.variant 
java_command: org.gradle.launcher.daemon.bootstrap.GradleDaemon 6.4.1
java_class_path (initial): C:\Users\chia7712\.gradle\wrapper\dists\gradle-6.4.1-bin\33549z180oh3o1s64iwo25l48\gradle-6.4.1\lib\gradle-launcher-6.4.1.jar
Launcher Type: SUN_STANDARD

Environment Variables:
JAVA_HOME=C:\Program Files\Java\jdk1.8.0_241
PATH=C:\Program Files\NVIDIA GPU Computing Toolkit\CUDA\v10.2\bin;C:\Program Files\NVIDIA GPU Computing Toolkit\CUDA\v10.2\libnvvp;C:\ProgramData\Anaconda3;C:\ProgramData\Anaconda3\Library\mingw-w64\bin;C:\ProgramData\Anaconda3\Library\usr\bin;C:\ProgramData\Anaconda3\Library\bin;C:\ProgramData\Anaconda3\Scripts;C:\Program Files (x86)\Common Files\Oracle\Java\javapath;C:\Windows\system32;C:\Windows;C:\Windows\System32\Wbem;C:\Windows\System32\WindowsPowerShell\v1.0\;C:\Windows\System32\OpenSSH\;C:\Program Files\NVIDIA Corporation\NVIDIA NvDLISR;C:\Program Files (x86)\NVIDIA Corporation\PhysX\Common;C:\Program Files\NVIDIA Corporation\Nsight Compute 2019.5.0\;C:\Program Files\Git\cmd;C:\Program Files\dotnet\;C:\Users\chia7712\AppData\Local\Microsoft\WindowsApps;C:\Program Files\Java\jdk1.8.0_241\bin;C:\gradle-6.4\bin;
USERNAME=chia7712
OS=Windows_NT
PROCESSOR_IDENTIFIER=Intel64 Family 6 Model 158 Stepping 13, GenuineIntel



---------------  S Y S T E M  ---------------

OS: Windows 10.0 , 64 bit Build 18362 (10.0.18362.778)

CPU:total 16 (initial active 16) (8 cores per cpu, 2 threads per core) family 6 model 158 stepping 13, cmov, cx8, fxsr, mmx, sse, sse2, sse3, ssse3, sse4.1, sse4.2, popcnt, avx, avx2, aes, clmul, erms, rtm, 3dnowpref, lzcnt, ht, tsc, tscinvbit, bmi1, bmi2, adx

Memory: 4k page, physical 67025824k(38432996k free), swap 83358332k(36122548k free)

vm_info: Java HotSpot(TM) 64-Bit Server VM (25.241-b07) for windows-amd64 JRE (1.8.0_241-b07), built on Dec 11 2019 10:21:40 by "rejava" with MS VC++ 10.0 (VS2010)

time: Tue May 26 15:24:38 2020
timezone: 台北標準時間
elapsed time: 59 seconds (0d 0h 0m 59s)

